<?xml version="1.0" encoding="UTF-8"?>
<!-- Generated by org.testng.reporters.JUnitReportReporter -->
<testsuite hostname="Optiplex" failures="0" tests="3" name="loginpage.LoginPage" time="11.654" errors="0" timestamp="22 Jul 2023 10:09:48 GMT" skipped="0">
  <testcase classname="loginpage.LoginPage" name="url" time="5.951"/>
  <testcase classname="loginpage.LoginPage" name="loginCredentials" time="0.442"/>
  <testcase classname="loginpage.LoginPage" name="close" time="5.261"/>
</testsuite> <!-- loginpage.LoginPage -->
